<?xml version="1.0" encoding="UTF-8"?>
<!-- Generated by org.testng.reporters.JUnitReportReporter -->
<testsuite hostname="DESKTOP-UE64SC4" name="org.automation.weather.testcases.Testcasese_Validate_Enter_Pin" tests="1" failures="0" timestamp="17 Aug 2020 10:56:32 GMT" time="22.857" errors="0">
  <testcase name="weather_test" time="22.857" classname="org.automation.weather.testcases.Testcasese_Validate_Enter_Pin"/>
</testsuite> <!-- org.automation.weather.testcases.Testcasese_Validate_Enter_Pin -->
